{
  "RSpec": {
    "coverage": {
      "/Users/alankrumholz/turing/1mod/practice_exams/potluck/lib/dish.rb": {
        "lines": [
          1,
          null,
          1,
          null,
          null,
          1,
          45,
          45,
          null,
          null,
          null
        ]
      },
      "/Users/alankrumholz/turing/1mod/practice_exams/potluck/spec/dish_spec.rb": {
        "lines": [
          1,
          null,
          1,
          null,
          1,
          3,
          null,
          null,
          1,
          1,
          null,
          null,
          1,
          1,
          null,
          null,
          1,
          1,
          null,
          null
        ]
      },
      "/Users/alankrumholz/turing/1mod/practice_exams/potluck/spec/potluck_spec.rb": {
        "lines": [
          1,
          1,
          null,
          1,
          null,
          1,
          7,
          7,
          7,
          7,
          7,
          7,
          7,
          null,
          null,
          1,
          1,
          null,
          null,
          1,
          1,
          null,
          null,
          1,
          1,
          null,
          null,
          1,
          1,
          1,
          null,
          1,
          1,
          null,
          null,
          1,
          1,
          1,
          1,
          1,
          1,
          null,
          1,
          1,
          1,
          null,
          null,
          1,
          1,
          1,
          1,
          1,
          1,
          1,
          null,
          1,
          null,
          null,
          1,
          1,
          1,
          1,
          1,
          1,
          1,
          null,
          1,
          null,
          null,
          null,
          null
        ]
      },
      "/Users/alankrumholz/turing/1mod/practice_exams/potluck/lib/potluck.rb": {
        "lines": [
          1,
          null,
          1,
          null,
          1,
          null,
          null,
          1,
          7,
          7,
          null,
          null,
          1,
          19,
          null,
          null,
          1,
          7,
          39,
          null,
          null,
          null,
          null,
          1,
          1,
          6,
          null,
          1,
          1,
          3,
          6,
          null,
          3,
          null,
          1,
          null,
          null,
          1,
          1,
          null,
          null
        ]
      }
    },
    "timestamp": 1657468301
  }
}
